This is pdfTeX, Version 3.1415926-2.5-1.40.14 (TeX Live 2013) (format=latex 2015.7.15)  29 NOV 2015 09:58
entering extended mode
 restricted \write18 enabled.
 %&-line parsing enabled.
**res.tex
(./res.tex
LaTeX2e <2011/06/27>
Babel <v3.8m> and hyphenation patterns for english, dumylang, nohyphenation, lo
aded.
(./resume.cls
Document Class: resume 2015/05/25 An elegant Résumé class
(/usr/share/texlive/texmf-dist/tex/latex/base/article.cls
Document Class: article 2007/10/19 v1.4h Standard LaTeX document class
(/usr/share/texlive/texmf-dist/tex/latex/base/size11.clo
File: size11.clo 2007/10/19 v1.4h Standard LaTeX file (size option)
)
\c@part=\count79
\c@section=\count80
\c@subsection=\count81
\c@subsubsection=\count82
\c@paragraph=\count83
\c@subparagraph=\count84
\c@figure=\count85
\c@table=\count86
\abovecaptionskip=\skip41
\belowcaptionskip=\skip42
\bibindent=\dimen102
)

! LaTeX Error: File `xltxtra.sty' not found.

Type X to quit or <RETURN> to proceed,
or enter new name. (Default extension: sty)

Enter file name: 
(/usr/share/texlive/texmf-dist/tex/latex/geometry/geometry.sty
Package: geometry 2010/09/12 v5.6 Page Geometry

(/usr/share/texlive/texmf-dist/tex/latex/graphics/keyval.sty
Package: keyval 1999/03/16 v1.13 key=value parser (DPC)
\KV@toks@=\toks14
)
(/usr/share/texlive/texmf-dist/tex/generic/oberdiek/ifpdf.sty
Package: ifpdf 2011/01/30 v2.3 Provides the ifpdf switch (HO)
Package ifpdf Info: pdfTeX in PDF mode is not detected.
)
(/usr/share/texlive/texmf-dist/tex/generic/oberdiek/ifvtex.sty
Package: ifvtex 2010/03/01 v1.5 Detect VTeX and its facilities (HO)
Package ifvtex Info: VTeX not detected.
)
(/usr/share/texlive/texmf-dist/tex/generic/ifxetex/ifxetex.sty
Package: ifxetex 2010/09/12 v0.6 Provides ifxetex conditional
)
\Gm@cnth=\count87
\Gm@cntv=\count88
\c@Gm@tempcnt=\count89
\Gm@bindingoffset=\dimen103
\Gm@wd@mp=\dimen104
\Gm@odd@mp=\dimen105
\Gm@even@mp=\dimen106
\Gm@layoutwidth=\dimen107
\Gm@layoutheight=\dimen108
\Gm@layouthoffset=\dimen109
\Gm@layoutvoffset=\dimen110
\Gm@dimlist=\toks15
)

! LaTeX Error: File `titlesec.sty' not found.

Type X to quit or <RETURN> to proceed,
or enter new name. (Default extension: sty)

Enter file name: 
(/usr/share/texlive/texmf-dist/tex/latex/enumitem/enumitem.sty
Package: enumitem 2011/09/28 v3.5.2 Customized lists
\labelindent=\skip43
\enit@outerparindent=\dimen111
\enit@toks=\toks16
\enit@inbox=\box26
\enitdp@description=\count90
)

! LaTeX Error: File `nth.sty' not found.

Type X to quit or <RETURN> to proceed,
or enter new name. (Default extension: sty)

Enter file name: 

! LaTeX Error: Unknown option `super' for package `nth'.

See the LaTeX manual or LaTeX Companion for explanation.
Type  H <return>  for immediate help.
 ...                                              
                                                  
l.22 
     
? 
! Undefined control sequence.
l.23 \titleformat
                 {\section}
? 

! LaTeX Error: Missing \begin{document}.

See the LaTeX manual or LaTeX Companion for explanation.
Type  H <return>  for immediate help.
 ...                                              
                                                  
l.23 \titleformat{\section
                          }
? 
! Argument of \@xdblarg has an extra }.
<inserted text> 
                \par 
l.23 \titleformat{\section}
                           
? 
Runaway argument?
! Paragraph ended before \@xdblarg was complete.
<to be read again> 
                   \par 
l.23 \titleformat{\section}
                           
? 

! LaTeX Error: Missing \begin{document}.

See the LaTeX manual or LaTeX Companion for explanation.
Type  H <return>  for immediate help.
 ...                                              
                                                  
l.25     {}{0
             em}
? 
! Undefined control sequence.
l.27     [\titlerule
                    ]
? 
! Undefined control sequence.
l.28 \titlespacing
                  *{\section}{0cm}{*1.8}{*1.8}
? 
! Argument of \@xdblarg has an extra }.
<inserted text> 
                \par 
l.28 \titlespacing*{\section}
                             {0cm}{*1.8}{*1.8}
? 
Runaway argument?
! Paragraph ended before \@xdblarg was complete.
<to be read again> 
                   \par 
l.28 \titlespacing*{\section}
                             {0cm}{*1.8}{*1.8}
? 

! LaTeX Error: Missing \begin{document}.

See the LaTeX manual or LaTeX Companion for explanation.
Type  H <return>  for immediate help.
 ...                                              
                                                  
l.28 \titlespacing*{\section}{0
                               cm}{*1.8}{*1.8}
? 
! Undefined control sequence.
l.30 \titleformat
                 {\subsection}
? 

! LaTeX Error: Missing \begin{document}.

See the LaTeX manual or LaTeX Companion for explanation.
Type  H <return>  for immediate help.
 ...                                              
                                                  
l.30 \titleformat{\subsection
                             }
? 
! Argument of \@xdblarg has an extra }.
<inserted text> 
                \par 
l.30 \titleformat{\subsection}
                              
? 
Runaway argument?
! Paragraph ended before \@xdblarg was complete.
<to be read again> 
                   \par 
l.30 \titleformat{\subsection}
                              
? 

! LaTeX Error: Missing \begin{document}.

See the LaTeX manual or LaTeX Companion for explanation.
Type  H <return>  for immediate help.
 ...                                              
                                                  
l.32     {}{0
             em}
? 
! Undefined control sequence.
l.34 \titlespacing
                  *{\subsection}{0cm}{*1.8}{*0.6}
? 
! Argument of \@xdblarg has an extra }.
<inserted text> 
                \par 
l.34 \titlespacing*{\subsection}
                                {0cm}{*1.8}{*0.6}
? 
Runaway argument?
! Paragraph ended before \@xdblarg was complete.
<to be read again> 
                   \par 
l.34 \titlespacing*{\subsection}
                                {0cm}{*1.8}{*0.6}
? 

! LaTeX Error: Missing \begin{document}.

See the LaTeX manual or LaTeX Companion for explanation.
Type  H <return>  for immediate help.
 ...                                              
                                                  
l.34 \titlespacing*{\subsection}{0
                                  cm}{*1.8}{*0.6}
? 
)
No file res.aux.
\openout1 = `res.aux'.

LaTeX Font Info:    Checking defaults for OML/cmm/m/it on input line 3.
LaTeX Font Info:    ... okay on input line 3.
LaTeX Font Info:    Checking defaults for T1/cmr/m/n on input line 3.
LaTeX Font Info:    ... okay on input line 3.
LaTeX Font Info:    Checking defaults for OT1/cmr/m/n on input line 3.
LaTeX Font Info:    ... okay on input line 3.
LaTeX Font Info:    Checking defaults for OMS/cmsy/m/n on input line 3.
LaTeX Font Info:    ... okay on input line 3.
LaTeX Font Info:    Checking defaults for OMX/cmex/m/n on input line 3.
LaTeX Font Info:    ... okay on input line 3.
LaTeX Font Info:    Checking defaults for U/cmr/m/n on input line 3.
LaTeX Font Info:    ... okay on input line 3.
*geometry* driver: auto-detecting
*geometry* detected driver: dvips
*geometry* verbose mode - [ preamble ] result:
* driver: dvips
* paper: a4paper
* layout: <same size as paper>
* layoutoffset:(h,v)=(0.0pt,0.0pt)
* modes: 
* h-part:(L,W,R)=(57.81621pt, 481.87546pt, 57.81621pt)
* v-part:(T,H,B)=(50.58878pt, 754.70935pt, 39.74872pt)
* \paperwidth=597.50787pt
* \paperheight=845.04684pt
* \textwidth=481.87546pt
* \textheight=754.70935pt
* \oddsidemargin=-14.45378pt
* \evensidemargin=-14.45378pt
* \topmargin=-21.68121pt
* \headheight=0.0pt
* \headsep=0.0pt
* \topskip=11.0pt
* \footskip=30.0pt
* \marginparwidth=59.0pt
* \marginparsep=10.0pt
* \columnsep=10.0pt
* \skip\footins=10.0pt plus 4.0pt minus 2.0pt
* \hoffset=0.0pt
* \voffset=0.0pt
* \mag=1000
* \@twocolumnfalse
* \@twosidefalse
* \@mparswitchfalse
* \@reversemarginfalse
* (1in=72.27pt=25.4mm, 1cm=28.453pt)

LaTeX Font Info:    Try loading font information for OMS+cmr on input line 7.
(/usr/share/texlive/texmf-dist/tex/latex/base/omscmr.fd
File: omscmr.fd 1999/05/25 v2.5h Standard LaTeX font definitions
)
LaTeX Font Info:    Font shape `OMS/cmr/m/n' in size <12> not available
(Font)              Font shape `OMS/cmsy/m/n' tried instead on input line 7.

! Undefined control sequence.
<argument> ...l GDB,Git,MATLAB,Cadence,iOS,\Latex 
                                                  ,Flask
l.16 ...}{GDB,Git,MATLAB,Cadence,iOS,\Latex,Flask}
                                                  
? 
! Undefined control sequence.
<argument> ...l GDB,Git,MATLAB,Cadence,iOS,\Latex 
                                                  ,Flask
l.18 ...}{GDB,Git,MATLAB,Cadence,iOS,\Latex,Flask}
                                                  
? 
LaTeX Font Info:    Font shape `OMS/cmr/m/n' in size <10.95> not available
(Font)              Font shape `OMS/cmsy/m/n' tried instead on input line 24.

Overfull \vbox (30.4444pt too high) has occurred while \output is active []


[1

] (./res.aux) ) 
Here is how much of TeX's memory you used:
 1057 strings out of 495064
 15321 string characters out of 3182224
 72347 words of memory out of 3000000
 4291 multiletter control sequences out of 15000+200000
 6610 words of font info for 24 fonts, out of 3000000 for 9000
 14 hyphenation exceptions out of 8191
 30i,4n,22p,189b,166s stack positions out of 5000i,500n,10000p,200000b,50000s

Output written on res.dvi (1 page, 2944 bytes).
